<?xml version="1.0" encoding="UTF-8"?>
<!-- Generated by org.testng.reporters.JUnitReportReporter -->
<testsuite skipped="0" hostname="DESKTOP-BDJ28N4" name="TestNG.test" tests="1" failures="0" timestamp="17 May 2020 19:01:22 GMT" time="9.083" errors="0">
  <testcase name="verify" time="9.083" classname="TestNG.test"/>
</testsuite> <!-- TestNG.test -->
