<?xml version="1.0" encoding="UTF-8"?>
<!-- Generated by org.testng.reporters.JUnitReportReporter -->
<testsuite skipped="0" hostname="DESKTOP-BDJ28N4" name="TestNG.test" tests="1" failures="0" timestamp="17 May 2020 19:50:49 GMT" time="8.858" errors="0">
  <testcase name="verify" time="8.858" classname="TestNG.test"/>
</testsuite> <!-- TestNG.test -->
