<?xml version="1.0" encoding="UTF-8"?>
<!-- Generated by org.testng.reporters.JUnitReportReporter -->
<testsuite hostname="Shanthosh" failures="0" tests="1" name="TestNG.test" time="26.681" errors="0" timestamp="2020-05-29T00:24:23 IST" skipped="0">
  <testcase classname="TestNG.test" name="verify" time="26.681"/>
  <system-out/>
</testsuite> <!-- TestNG.test -->
