<?xml version="1.0" encoding="UTF-8"?>
<!-- Generated by org.testng.reporters.JUnitReportReporter -->
<testsuite skipped="0" hostname="DESKTOP-BDJ28N4" name="TestNG.test" tests="1" failures="0" timestamp="18 May 2020 18:26:20 GMT" time="13.133" errors="0">
  <testcase name="verify" time="13.133" classname="TestNG.test"/>
</testsuite> <!-- TestNG.test -->
