<?xml version="1.0" encoding="UTF-8"?>
<!-- Generated by org.testng.reporters.JUnitReportReporter -->
<testsuite hostname="Shanthosh" failures="0" tests="1" name="TestNG.test" time="25.220" errors="0" timestamp="29 May 2020 14:36:33 GMT" skipped="0">
  <testcase classname="TestNG.test" name="verify" time="25.220"/>
</testsuite> <!-- TestNG.test -->
